Performing C SOURCE FILE Test CMAKE_HAVE_LIBC_PTHREAD failed with the following output:
Change Dir: /workspaces/lajol-l3info-tp_cpp_bases-99e121857396/build/CMakeFiles/CMakeTmp

Run Build Command(s):/usr/bin/ninja cmTC_69db6 && [1/2] Building C object CMakeFiles/cmTC_69db6.dir/src.c.o
[2/2] Linking C executable cmTC_69db6
FAILED: cmTC_69db6 
: && /usr/bin/clang -DCMAKE_HAVE_LIBC_PTHREAD -rdynamic CMakeFiles/cmTC_69db6.dir/src.c.o -o cmTC_69db6   && :
/usr/bin/ld: CMakeFiles/cmTC_69db6.dir/src.c.o: in function `main':
src.c:(.text+0x35): undefined reference to `pthread_create'
/usr/bin/ld: src.c:(.text+0x41): undefined reference to `pthread_detach'
/usr/bin/ld: src.c:(.text+0x4d): undefined reference to `pthread_cancel'
/usr/bin/ld: src.c:(.text+0x5f): undefined reference to `pthread_join'
clang: error: linker command failed with exit code 1 (use -v to see invocation)
ninja: build stopped: subcommand failed.


Source file was:
#include <pthread.h>

void* test_func(void* data)
{
  return data;
}

int main(void)
{
  pthread_t thread;
  pthread_create(&thread, NULL, test_func, NULL);
  pthread_detach(thread);
  pthread_cancel(thread);
  pthread_join(thread, NULL);
  pthread_atfork(NULL, NULL, NULL);
  pthread_exit(NULL);

  return 0;
}

Determining if the function pthread_create exists in the pthreads failed with the following output:
Change Dir: /workspaces/lajol-l3info-tp_cpp_bases-99e121857396/build/CMakeFiles/CMakeTmp

Run Build Command(s):/usr/bin/ninja cmTC_c5633 && [1/2] Building C object CMakeFiles/cmTC_c5633.dir/CheckFunctionExists.c.o
[2/2] Linking C executable cmTC_c5633
FAILED: cmTC_c5633 
: && /usr/bin/clang -DCHECK_FUNCTION_EXISTS=pthread_create -rdynamic CMakeFiles/cmTC_c5633.dir/CheckFunctionExists.c.o -o cmTC_c5633  -lpthreads && :
/usr/bin/ld: cannot find -lpthreads
clang: error: linker command failed with exit code 1 (use -v to see invocation)
ninja: build stopped: subcommand failed.



